[06-25 11:23] ═══ 健康检查 ═══
[06-25 11:23]   Checkpoint: 167 本书, 58697 页
[06-25 11:23]   🔴 OOM 漏页书 (5本):
[06-25 11:23]      (GTM046).Probability.Theory.II,.I.M..Loève.pdf: 368 OOM页 (checkpoint显示429页完成, 实际429页)
[06-25 11:23]      (GTM050).Fermat's last theorem,.Harold.M..Edwards.: 288 OOM页 (checkpoint显示429页完成, 实际429页)
[06-25 11:23]      (GTM056).Algebraic.topology..An.introduction,.Mass: 272 OOM页 (checkpoint显示282页完成, 实际282页)
[06-25 11:23]      (GTM076).Algebraic Geometry.pdf: 32 OOM页 (checkpoint显示366页完成, 实际366页)
[06-25 11:23]      (GTM079).An.Introduction.to.Ergodic.Theory,.Peter.: 248 OOM页 (checkpoint显示258页完成, 实际258页)
[06-25 11:23]   📊 进度: 167本合格, 58697页已OCR, 平均1373字/页
[06-25 11:23]   📝 最近完成 (按字符数TOP5):
[06-25 11:23]      (GTM150)Commutative Algebra.pdf: 1180K字, 1505字/p, 784p
[06-25 11:23]      (GTM149)Foundations of Hyperbolic Manifolds(3ed,2019).p: 1085K字, 1336字/p, 812p
[06-25 11:23]      (GTM061)Elements of Homotopy Theory.pdf: 998K字, 1307字/p, 764p
[06-25 11:23]      (GTM125)Complex Variables.pdf: 886K字, 1334字/p, 664p
[06-25 11:23]      (GTM060)Mathematical Methods of Classical Mechanics.pdf: 876K字, 1654字/p, 530p
[06-25 11:23] ═══ 检查完成 ═══

[06-25 12:29] ═══ 健康检查 ═══
[06-25 12:29]   Checkpoint: 169 本书, 59362 页
[06-25 12:29]   ✅ 无 OOM 漏页
[06-25 12:29]   📊 进度: 164本合格, 57600页已OCR, 平均1403字/页
[06-25 12:29]   📝 最近完成 (按字符数TOP5):
[06-25 12:29]      (GTM150)Commutative Algebra.pdf: 1180K字, 1505字/p, 784p
[06-25 12:29]      (GTM149)Foundations of Hyperbolic Manifolds(3ed,2019).p: 1085K字, 1336字/p, 812p
[06-25 12:29]      (GTM061)Elements of Homotopy Theory.pdf: 998K字, 1307字/p, 764p
[06-25 12:29]      (GTM125)Complex Variables.pdf: 886K字, 1334字/p, 664p
[06-25 12:29]      (GTM060)Mathematical Methods of Classical Mechanics.pdf: 876K字, 1654字/p, 530p
[06-25 12:29] ═══ 检查完成 ═══

[06-25 13:29] ═══ 健康检查 ═══
[06-25 13:29]   Checkpoint: 171 本书, 60100 页
[06-25 13:29]   ✅ 无 OOM 漏页
[06-25 13:29]   📊 进度: 166本合格, 58336页已OCR, 平均1404字/页
[06-25 13:29]   📝 最近完成 (按字符数TOP5):
[06-25 13:29]      (GTM150)Commutative Algebra.pdf: 1180K字, 1505字/p, 784p
[06-25 13:29]      (GTM149)Foundations of Hyperbolic Manifolds(3ed,2019).p: 1085K字, 1336字/p, 812p
[06-25 13:29]      (GTM061)Elements of Homotopy Theory.pdf: 998K字, 1307字/p, 764p
[06-25 13:29]      (GTM125)Complex Variables.pdf: 886K字, 1334字/p, 664p
[06-25 13:29]      (GTM060)Mathematical Methods of Classical Mechanics.pdf: 876K字, 1654字/p, 530p
[06-25 13:29] ═══ 检查完成 ═══

[06-25 14:29] ═══ 健康检查 ═══
[06-25 14:29]   Checkpoint: 172 本书, 60577 页
[06-25 14:29]   ✅ 无 OOM 漏页
[06-25 14:29]   📊 进度: 167本合格, 58813页已OCR, 平均1403字/页
[06-25 14:29]   📝 最近完成 (按字符数TOP5):
[06-25 14:29]      (GTM150)Commutative Algebra.pdf: 1180K字, 1505字/p, 784p
[06-25 14:29]      (GTM149)Foundations of Hyperbolic Manifolds(3ed,2019).p: 1085K字, 1336字/p, 812p
[06-25 14:29]      (GTM061)Elements of Homotopy Theory.pdf: 998K字, 1307字/p, 764p
[06-25 14:29]      (GTM125)Complex Variables.pdf: 886K字, 1334字/p, 664p
[06-25 14:29]      (GTM060)Mathematical Methods of Classical Mechanics.pdf: 876K字, 1654字/p, 530p
[06-25 14:29] ═══ 检查完成 ═══

[06-25 15:29] ═══ 健康检查 ═══
[06-25 15:29]   Checkpoint: 173 本书, 61303 页
[06-25 15:29]   ✅ 无 OOM 漏页
[06-25 15:29]   📊 进度: 168本合格, 59539页已OCR, 平均1404字/页
[06-25 15:29]   📝 最近完成 (按字符数TOP5):
[06-25 15:29]      (GTM150)Commutative Algebra.pdf: 1180K字, 1505字/p, 784p
[06-25 15:29]      (GTM149)Foundations of Hyperbolic Manifolds(3ed,2019).p: 1085K字, 1336字/p, 812p
[06-25 15:29]      (GTM061)Elements of Homotopy Theory.pdf: 998K字, 1307字/p, 764p
[06-25 15:29]      (GTM125)Complex Variables.pdf: 886K字, 1334字/p, 664p
[06-25 15:29]      (GTM060)Mathematical Methods of Classical Mechanics.pdf: 876K字, 1654字/p, 530p
[06-25 15:29] ═══ 检查完成 ═══

[06-25 16:29] ═══ 健康检查 ═══
[06-25 16:29]   Checkpoint: 176 本书, 62258 页
[06-25 16:29]   ✅ 无 OOM 漏页
[06-25 16:29]   📊 进度: 171本合格, 60494页已OCR, 平均1405字/页
[06-25 16:29]   📝 最近完成 (按字符数TOP5):
[06-25 16:29]      (GTM150)Commutative Algebra.pdf: 1180K字, 1505字/p, 784p
[06-25 16:29]      (GTM149)Foundations of Hyperbolic Manifolds(3ed,2019).p: 1085K字, 1336字/p, 812p
[06-25 16:29]      (GTM061)Elements of Homotopy Theory.pdf: 998K字, 1307字/p, 764p
[06-25 16:29]      (GTM125)Complex Variables.pdf: 886K字, 1334字/p, 664p
[06-25 16:29]      (GTM060)Mathematical Methods of Classical Mechanics.pdf: 876K字, 1654字/p, 530p
[06-25 16:29] ═══ 检查完成 ═══

[06-25 17:29] ═══ 健康检查 ═══
[06-25 17:29]   Checkpoint: 180 本书, 63222 页
[06-25 17:29]   ✅ 无 OOM 漏页
[06-25 17:29]   📊 进度: 175本合格, 61460页已OCR, 平均1405字/页
[06-25 17:29]   📝 最近完成 (按字符数TOP5):
[06-25 17:29]      (GTM150)Commutative Algebra.pdf: 1180K字, 1505字/p, 784p
[06-25 17:29]      (GTM149)Foundations of Hyperbolic Manifolds(3ed,2019).p: 1085K字, 1336字/p, 812p
[06-25 17:29]      (GTM061)Elements of Homotopy Theory.pdf: 998K字, 1307字/p, 764p
[06-25 17:29]      (GTM125)Complex Variables.pdf: 886K字, 1334字/p, 664p
[06-25 17:29]      (GTM060)Mathematical Methods of Classical Mechanics.pdf: 876K字, 1654字/p, 530p
[06-25 17:29] ═══ 检查完成 ═══

[06-25 18:29] ═══ 健康检查 ═══
[06-25 18:29]   Checkpoint: 183 本书, 64143 页
[06-25 18:29]   ✅ 无 OOM 漏页
[06-25 18:29]   📊 进度: 178本合格, 62379页已OCR, 平均1405字/页
[06-25 18:29]   📝 最近完成 (按字符数TOP5):
[06-25 18:29]      (GTM150)Commutative Algebra.pdf: 1180K字, 1505字/p, 784p
[06-25 18:29]      (GTM149)Foundations of Hyperbolic Manifolds(3ed,2019).p: 1085K字, 1336字/p, 812p
[06-25 18:29]      (GTM061)Elements of Homotopy Theory.pdf: 998K字, 1307字/p, 764p
[06-25 18:29]      (GTM125)Complex Variables.pdf: 886K字, 1334字/p, 664p
[06-25 18:29]      (GTM060)Mathematical Methods of Classical Mechanics.pdf: 876K字, 1654字/p, 530p
[06-25 18:29] ═══ 检查完成 ═══

[06-25 19:29] ═══ 健康检查 ═══
[06-25 19:29]   Checkpoint: 184 本书, 65048 页
[06-25 19:29]   ✅ 无 OOM 漏页
[06-25 19:29]   📊 进度: 179本合格, 63286页已OCR, 平均1406字/页
[06-25 19:29]   📝 最近完成 (按字符数TOP5):
[06-25 19:29]      (GTM150)Commutative Algebra.pdf: 1180K字, 1505字/p, 784p
[06-25 19:29]      (GTM149)Foundations of Hyperbolic Manifolds(3ed,2019).p: 1085K字, 1336字/p, 812p
[06-25 19:29]      (GTM061)Elements of Homotopy Theory.pdf: 998K字, 1307字/p, 764p
[06-25 19:29]      (GTM183)An Introduction to Banach Space Theory.pdf: 902K字, 1472字/p, 613p
[06-25 19:29]      (GTM125)Complex Variables.pdf: 886K字, 1334字/p, 664p
[06-25 19:29] ═══ 检查完成 ═══

[06-25 20:29] ═══ 健康检查 ═══
[06-25 20:29]   Checkpoint: 186 本书, 65966 页
[06-25 20:29]   ✅ 无 OOM 漏页
[06-25 20:29]   📊 进度: 181本合格, 64204页已OCR, 平均1407字/页
[06-25 20:29]   📝 最近完成 (按字符数TOP5):
[06-25 20:29]      (GTM150)Commutative Algebra.pdf: 1180K字, 1505字/p, 784p
[06-25 20:29]      (GTM149)Foundations of Hyperbolic Manifolds(3ed,2019).p: 1085K字, 1336字/p, 812p
[06-25 20:29]      (GTM061)Elements of Homotopy Theory.pdf: 998K字, 1307字/p, 764p
[06-25 20:29]      (GTM183)An Introduction to Banach Space Theory.pdf: 902K字, 1472字/p, 613p
[06-25 20:29]      (GTM125)Complex Variables.pdf: 886K字, 1334字/p, 664p
[06-25 20:29] ═══ 检查完成 ═══

[06-25 21:29] ═══ 健康检查 ═══
[06-25 21:29]   Checkpoint: 189 本书, 66905 页
[06-25 21:29]   ✅ 无 OOM 漏页
[06-25 21:29]   📊 进度: 184本合格, 65143页已OCR, 平均1408字/页
[06-25 21:29]   📝 最近完成 (按字符数TOP5):
[06-25 21:29]      (GTM150)Commutative Algebra.pdf: 1180K字, 1505字/p, 784p
[06-25 21:29]      (GTM149)Foundations of Hyperbolic Manifolds(3ed,2019).p: 1085K字, 1336字/p, 812p
[06-25 21:29]      (GTM061)Elements of Homotopy Theory.pdf: 998K字, 1307字/p, 764p
[06-25 21:29]      (GTM183)An Introduction to Banach Space Theory.pdf: 902K字, 1472字/p, 613p
[06-25 21:29]      (GTM125)Complex Variables.pdf: 886K字, 1334字/p, 664p
[06-25 21:29] ═══ 检查完成 ═══

[06-25 22:29] ═══ 健康检查 ═══
[06-25 22:29]   Checkpoint: 191 本书, 67818 页
[06-25 22:29]   ✅ 无 OOM 漏页
[06-25 22:29]   📊 进度: 186本合格, 66056页已OCR, 平均1408字/页
[06-25 22:29]   📝 最近完成 (按字符数TOP5):
[06-25 22:29]      (GTM150)Commutative Algebra.pdf: 1180K字, 1505字/p, 784p
[06-25 22:29]      (GTM149)Foundations of Hyperbolic Manifolds(3ed,2019).p: 1085K字, 1336字/p, 812p
[06-25 22:29]      (GTM061)Elements of Homotopy Theory.pdf: 998K字, 1307字/p, 764p
[06-25 22:29]      (GTM183)An Introduction to Banach Space Theory.pdf: 902K字, 1472字/p, 613p
[06-25 22:29]      (GTM125)Complex Variables.pdf: 886K字, 1334字/p, 664p
[06-25 22:29] ═══ 检查完成 ═══

[06-25 23:29] ═══ 健康检查 ═══
[06-25 23:29]   Checkpoint: 193 本书, 69162 页
[06-25 23:29]   ✅ 无 OOM 漏页
[06-25 23:29]   📊 进度: 188本合格, 67398页已OCR, 平均1408字/页
[06-25 23:29]   📝 最近完成 (按字符数TOP5):
[06-25 23:29]      (GTM150)Commutative Algebra.pdf: 1180K字, 1505字/p, 784p
[06-25 23:29]      (GTM149)Foundations of Hyperbolic Manifolds(3ed,2019).p: 1085K字, 1336字/p, 812p
[06-25 23:29]      (GTM061)Elements of Homotopy Theory.pdf: 998K字, 1307字/p, 764p
[06-25 23:29]      (GTM183)An Introduction to Banach Space Theory.pdf: 902K字, 1472字/p, 613p
[06-25 23:29]      (GTM125)Complex Variables.pdf: 886K字, 1334字/p, 664p
[06-25 23:29] ═══ 检查完成 ═══

[06-26 00:29] ═══ 健康检查 ═══
[06-26 00:29]   Checkpoint: 198 本书, 71034 页
[06-26 00:29]   ✅ 无 OOM 漏页
[06-26 00:29]   📊 进度: 193本合格, 69270页已OCR, 平均1406字/页
[06-26 00:29]   📝 最近完成 (按字符数TOP5):
[06-26 00:29]      (GTM150)Commutative Algebra.pdf: 1180K字, 1505字/p, 784p
[06-26 00:29]      (GTM149)Foundations of Hyperbolic Manifolds(3ed,2019).p: 1085K字, 1336字/p, 812p
[06-26 00:29]      (GTM061)Elements of Homotopy Theory.pdf: 998K字, 1307字/p, 764p
[06-26 00:29]      (GTM183)An Introduction to Banach Space Theory.pdf: 902K字, 1472字/p, 613p
[06-26 00:29]      (GTM125)Complex Variables.pdf: 886K字, 1334字/p, 664p
[06-26 00:29] ═══ 检查完成 ═══

[06-26 01:29] ═══ 健康检查 ═══
[06-26 01:29]   Checkpoint: 201 本书, 72669 页
[06-26 01:29]   ✅ 无 OOM 漏页
[06-26 01:29]   📊 进度: 196本合格, 70905页已OCR, 平均1406字/页
[06-26 01:29]   📝 最近完成 (按字符数TOP5):
[06-26 01:29]      (GTM150)Commutative Algebra.pdf: 1180K字, 1505字/p, 784p
[06-26 01:29]      (GTM149)Foundations of Hyperbolic Manifolds(3ed,2019).p: 1085K字, 1336字/p, 812p
[06-26 01:29]      (GTM061)Elements of Homotopy Theory.pdf: 998K字, 1307字/p, 764p
[06-26 01:29]      (GTM183)An Introduction to Banach Space Theory.pdf: 902K字, 1472字/p, 613p
[06-26 01:29]      (GTM125)Complex Variables.pdf: 886K字, 1334字/p, 664p
[06-26 01:29] ═══ 检查完成 ═══

[06-26 02:29] ═══ 健康检查 ═══
[06-26 02:29]   Checkpoint: 205 本书, 74309 页
[06-26 02:29]   ✅ 无 OOM 漏页
[06-26 02:29]   📊 进度: 200本合格, 72545页已OCR, 平均1407字/页
[06-26 02:29]   📝 最近完成 (按字符数TOP5):
[06-26 02:29]      (GTM150)Commutative Algebra.pdf: 1180K字, 1505字/p, 784p
[06-26 02:29]      (GTM149)Foundations of Hyperbolic Manifolds(3ed,2019).p: 1085K字, 1336字/p, 812p
[06-26 02:29]      (GTM061)Elements of Homotopy Theory.pdf: 998K字, 1307字/p, 764p
[06-26 02:29]      (GTM183)An Introduction to Banach Space Theory.pdf: 902K字, 1472字/p, 613p
[06-26 02:29]      (GTM125)Complex Variables.pdf: 886K字, 1334字/p, 664p
[06-26 02:29] ═══ 检查完成 ═══

[06-26 03:29] ═══ 健康检查 ═══
[06-26 03:29]   Checkpoint: 210 本书, 75948 页
[06-26 03:29]   ✅ 无 OOM 漏页
[06-26 03:29]   📊 进度: 205本合格, 74200页已OCR, 平均1406字/页
[06-26 03:29]   📝 最近完成 (按字符数TOP5):
[06-26 03:29]      (GTM150)Commutative Algebra.pdf: 1180K字, 1505字/p, 784p
[06-26 03:29]      (GTM149)Foundations of Hyperbolic Manifolds(3ed,2019).p: 1085K字, 1336字/p, 812p
[06-26 03:29]      (GTM061)Elements of Homotopy Theory.pdf: 998K字, 1307字/p, 764p
[06-26 03:29]      (GTM183)An Introduction to Banach Space Theory.pdf: 902K字, 1472字/p, 613p
[06-26 03:29]      (GTM125)Complex Variables.pdf: 886K字, 1334字/p, 664p
[06-26 03:29] ═══ 检查完成 ═══

[06-26 04:29] ═══ 健康检查 ═══
[06-26 04:29]   Checkpoint: 213 本书, 77766 页
[06-26 04:29]   ✅ 无 OOM 漏页
[06-26 04:29]   📊 进度: 208本合格, 76002页已OCR, 平均1408字/页
[06-26 04:29]   📝 最近完成 (按字符数TOP5):
[06-26 04:29]      (GTM211)Algebra.pdf: 1371K字, 1485字/p, 923p
[06-26 04:29]      (GTM150)Commutative Algebra.pdf: 1180K字, 1505字/p, 784p
[06-26 04:29]      (GTM149)Foundations of Hyperbolic Manifolds(3ed,2019).p: 1085K字, 1336字/p, 812p
[06-26 04:29]      (GTM061)Elements of Homotopy Theory.pdf: 998K字, 1307字/p, 764p
[06-26 04:29]      (GTM183)An Introduction to Banach Space Theory.pdf: 902K字, 1472字/p, 613p
[06-26 04:29] ═══ 检查完成 ═══

[06-26 05:29] ═══ 健康检查 ═══
[06-26 05:29]   Checkpoint: 218 本书, 79723 页
[06-26 05:29]   ✅ 无 OOM 漏页
[06-26 05:29]   📊 进度: 213本合格, 77975页已OCR, 平均1408字/页
[06-26 05:29]   📝 最近完成 (按字符数TOP5):
[06-26 05:29]      (GTM211)Algebra.pdf: 1371K字, 1485字/p, 923p
[06-26 05:29]      (GTM150)Commutative Algebra.pdf: 1180K字, 1505字/p, 784p
[06-26 05:29]      (GTM149)Foundations of Hyperbolic Manifolds(3ed,2019).p: 1085K字, 1336字/p, 812p
[06-26 05:29]      (GTM061)Elements of Homotopy Theory.pdf: 998K字, 1307字/p, 764p
[06-26 05:29]      (GTM183)An Introduction to Banach Space Theory.pdf: 902K字, 1472字/p, 613p
[06-26 05:29] ═══ 检查完成 ═══

[06-26 06:29] ═══ 健康检查 ═══
[06-26 06:29]   Checkpoint: 222 本书, 81713 页
[06-26 06:29]   ✅ 无 OOM 漏页
[06-26 06:29]   📊 进度: 217本合格, 79949页已OCR, 平均1409字/页
[06-26 06:29]   📝 最近完成 (按字符数TOP5):
[06-26 06:29]      (GTM211)Algebra.pdf: 1371K字, 1485字/p, 923p
[06-26 06:29]      (GTM150)Commutative Algebra.pdf: 1180K字, 1505字/p, 784p
[06-26 06:29]      (GTM218)Introduction to Smooth Manifolds.pdf: 1133K字, 1567字/p, 723p
[06-26 06:29]      (GTM149)Foundations of Hyperbolic Manifolds(3ed,2019).p: 1085K字, 1336字/p, 812p
[06-26 06:29]      (GTM061)Elements of Homotopy Theory.pdf: 998K字, 1307字/p, 764p
[06-26 06:29] ═══ 检查完成 ═══

[06-26 07:29] ═══ 健康检查 ═══
[06-26 07:29]   Checkpoint: 227 本书, 83409 页
[06-26 07:29]   ✅ 无 OOM 漏页
[06-26 07:29]   📊 进度: 222本合格, 81645页已OCR, 平均1409字/页
[06-26 07:29]   📝 最近完成 (按字符数TOP5):
[06-26 07:29]      (GTM211)Algebra.pdf: 1371K字, 1485字/p, 923p
[06-26 07:29]      (GTM150)Commutative Algebra.pdf: 1180K字, 1505字/p, 784p
[06-26 07:29]      (GTM218)Introduction to Smooth Manifolds.pdf: 1133K字, 1567字/p, 723p
[06-26 07:29]      (GTM149)Foundations of Hyperbolic Manifolds(3ed,2019).p: 1085K字, 1336字/p, 812p
[06-26 07:29]      (GTM061)Elements of Homotopy Theory.pdf: 998K字, 1307字/p, 764p
[06-26 07:29] ═══ 检查完成 ═══

[06-26 08:29] ═══ 健康检查 ═══
[06-26 08:29]   Checkpoint: 232 本书, 85100 页
[06-26 08:29]   ✅ 无 OOM 漏页
[06-26 08:29]   📊 进度: 227本合格, 83336页已OCR, 平均1408字/页
[06-26 08:29]   📝 最近完成 (按字符数TOP5):
[06-26 08:29]      (GTM211)Algebra.pdf: 1371K字, 1485字/p, 923p
[06-26 08:29]      (GTM150)Commutative Algebra.pdf: 1180K字, 1505字/p, 784p
[06-26 08:29]      (GTM218)Introduction to Smooth Manifolds.pdf: 1133K字, 1567字/p, 723p
[06-26 08:29]      (GTM149)Foundations of Hyperbolic Manifolds(3ed,2019).p: 1085K字, 1336字/p, 812p
[06-26 08:29]      (GTM061)Elements of Homotopy Theory.pdf: 998K字, 1307字/p, 764p
[06-26 08:29] ═══ 检查完成 ═══

[06-26 09:29] ═══ 健康检查 ═══
[06-26 09:29]   Checkpoint: 237 本书, 86908 页
[06-26 09:29]   ✅ 无 OOM 漏页
[06-26 09:29]   📊 进度: 232本合格, 85159页已OCR, 平均1407字/页
[06-26 09:29]   📝 最近完成 (按字符数TOP5):
[06-26 09:29]      (GTM211)Algebra.pdf: 1371K字, 1485字/p, 923p
[06-26 09:29]      (GTM150)Commutative Algebra.pdf: 1180K字, 1505字/p, 784p
[06-26 09:29]      (GTM218)Introduction to Smooth Manifolds.pdf: 1133K字, 1567字/p, 723p
[06-26 09:29]      (GTM149)Foundations of Hyperbolic Manifolds(3ed,2019).p: 1085K字, 1336字/p, 812p
[06-26 09:29]      (GTM061)Elements of Homotopy Theory.pdf: 998K字, 1307字/p, 764p
[06-26 09:29] ═══ 检查完成 ═══

[06-26 10:29] ═══ 健康检查 ═══
[06-26 10:29]   Checkpoint: 240 本书, 88619 页
[06-26 10:29]   ✅ 无 OOM 漏页
[06-26 10:29]   📊 进度: 235本合格, 86855页已OCR, 平均1405字/页
[06-26 10:29]   📝 最近完成 (按字符数TOP5):
[06-26 10:29]      (GTM211)Algebra.pdf: 1371K字, 1485字/p, 923p
[06-26 10:29]      (GTM150)Commutative Algebra.pdf: 1180K字, 1505字/p, 784p
[06-26 10:29]      (GTM218)Introduction to Smooth Manifolds.pdf: 1133K字, 1567字/p, 723p
[06-26 10:29]      (GTM149)Foundations of Hyperbolic Manifolds(3ed,2019).p: 1085K字, 1336字/p, 812p
[06-26 10:29]      (GTM061)Elements of Homotopy Theory.pdf: 998K字, 1307字/p, 764p
[06-26 10:29] ═══ 检查完成 ═══

[06-26 11:29] ═══ 健康检查 ═══
[06-26 11:29]   Checkpoint: 243 本书, 90328 页
[06-26 11:29]   ✅ 无 OOM 漏页
[06-26 11:29]   📊 进度: 238本合格, 88580页已OCR, 平均1405字/页
[06-26 11:29]   📝 最近完成 (按字符数TOP5):
[06-26 11:29]      (GTM211)Algebra.pdf: 1371K字, 1485字/p, 923p
[06-26 11:29]      (GTM150)Commutative Algebra.pdf: 1180K字, 1505字/p, 784p
[06-26 11:29]      (GTM218)Introduction to Smooth Manifolds.pdf: 1133K字, 1567字/p, 723p
[06-26 11:29]      (GTM149)Foundations of Hyperbolic Manifolds(3ed,2019).p: 1085K字, 1336字/p, 812p
[06-26 11:29]      (GTM061)Elements of Homotopy Theory.pdf: 998K字, 1307字/p, 764p
[06-26 11:29] ═══ 检查完成 ═══

[06-26 12:29] ═══ 健康检查 ═══
[06-26 12:29]   Checkpoint: 247 本书, 91977 页
[06-26 12:29]   ✅ 无 OOM 漏页
[06-26 12:29]   📊 进度: 242本合格, 90223页已OCR, 平均1405字/页
[06-26 12:29]   📝 最近完成 (按字符数TOP5):
[06-26 12:29]      (GTM211)Algebra.pdf: 1371K字, 1485字/p, 923p
[06-26 12:29]      (GTM150)Commutative Algebra.pdf: 1180K字, 1505字/p, 784p
[06-26 12:29]      (GTM218)Introduction to Smooth Manifolds.pdf: 1133K字, 1567字/p, 723p
[06-26 12:29]      (GTM149)Foundations of Hyperbolic Manifolds(3ed,2019).p: 1085K字, 1336字/p, 812p
[06-26 12:29]      (GTM061)Elements of Homotopy Theory.pdf: 998K字, 1307字/p, 764p
[06-26 12:29] ═══ 检查完成 ═══

[06-26 13:29] ═══ 健康检查 ═══
[06-26 13:29]   Checkpoint: 249 本书, 93180 页
[06-26 13:29]   ✅ 无 OOM 漏页
[06-26 13:29]   📊 进度: 244本合格, 91416页已OCR, 平均1406字/页
[06-26 13:29]   📝 最近完成 (按字符数TOP5):
[06-26 13:29]      (GTM211)Algebra.pdf: 1371K字, 1485字/p, 923p
[06-26 13:29]      (GTM150)Commutative Algebra.pdf: 1180K字, 1505字/p, 784p
[06-26 13:29]      (GTM248)Buildings.pdf: 1174K字, 1549字/p, 758p
[06-26 13:29]      (GTM218)Introduction to Smooth Manifolds.pdf: 1133K字, 1567字/p, 723p
[06-26 13:29]      (GTM149)Foundations of Hyperbolic Manifolds(3ed,2019).p: 1085K字, 1336字/p, 812p
[06-26 13:29] ═══ 检查完成 ═══

[06-26 14:29] ═══ 健康检查 ═══
[06-26 14:29]   Checkpoint: 252 本书, 94901 页
[06-26 14:29]   ✅ 无 OOM 漏页
[06-26 14:29]   📊 进度: 247本合格, 93153页已OCR, 平均1404字/页
[06-26 14:29]   📝 最近完成 (按字符数TOP5):
[06-26 14:29]      (GTM211)Algebra.pdf: 1371K字, 1485字/p, 923p
[06-26 14:29]      (GTM150)Commutative Algebra.pdf: 1180K字, 1505字/p, 784p
[06-26 14:29]      (GTM248)Buildings.pdf: 1174K字, 1549字/p, 758p
[06-26 14:29]      (GTM218)Introduction to Smooth Manifolds.pdf: 1133K字, 1567字/p, 723p
[06-26 14:29]      (GTM149)Foundations of Hyperbolic Manifolds(3ed,2019).p: 1085K字, 1336字/p, 812p
[06-26 14:29] ═══ 检查完成 ═══

[06-26 19:44] ═══ 健康检查 ═══
[06-26 19:44]   Checkpoint: 273 本书, 103696 页
[06-26 19:44]   ✅ 无 OOM 漏页
[06-26 19:44]   📊 进度: 268本合格, 101932页已OCR, 平均1403字/页
[06-26 19:44]   📝 最近完成 (按字符数TOP5):
[06-26 19:44]      (GTM211)Algebra.pdf: 1371K字, 1485字/p, 923p
[06-26 19:44]      (GTM150)Commutative Algebra.pdf: 1180K字, 1505字/p, 784p
[06-26 19:44]      (GTM248)Buildings.pdf: 1174K字, 1549字/p, 758p
[06-26 19:44]      (GTM218)Introduction to Smooth Manifolds.pdf: 1133K字, 1567字/p, 723p
[06-26 19:44]      (GTM149)Foundations of Hyperbolic Manifolds(3ed,2019).p: 1085K字, 1336字/p, 812p
[06-26 19:44] ═══ 检查完成 ═══

[06-26 20:29] ═══ 健康检查 ═══
[06-26 20:29]   Checkpoint: 276 本书, 104955 页
[06-26 20:29]   ✅ 无 OOM 漏页
[06-26 20:29]   📊 进度: 271本合格, 103207页已OCR, 平均1402字/页
[06-26 20:29]   📝 最近完成 (按字符数TOP5):
[06-26 20:29]      (GTM211)Algebra.pdf: 1371K字, 1485字/p, 923p
[06-26 20:29]      (GTM150)Commutative Algebra.pdf: 1180K字, 1505字/p, 784p
[06-26 20:29]      (GTM248)Buildings.pdf: 1174K字, 1549字/p, 758p
[06-26 20:29]      (GTM218)Introduction to Smooth Manifolds.pdf: 1133K字, 1567字/p, 723p
[06-26 20:29]      (GTM149)Foundations of Hyperbolic Manifolds(3ed,2019).p: 1085K字, 1336字/p, 812p
[06-26 20:29] ═══ 检查完成 ═══

[06-27 00:39] ═══ 健康检查 ═══
[06-27 00:39]   Checkpoint: 293 本书, 112048 页
[06-27 00:39]   ✅ 无 OOM 漏页
[06-27 00:40]   📊 进度: 288本合格, 110300页已OCR, 平均1400字/页
[06-27 00:40]   📝 最近完成 (按字符数TOP5):
[06-27 00:40]      (GTM211)Algebra.pdf: 1371K字, 1485字/p, 923p
[06-27 00:40]      (GTM288)Quaternion Algebras(2021).pdf: 1217K字, 1388字/p, 877p
[06-27 00:40]      (GTM150)Commutative Algebra.pdf: 1180K字, 1505字/p, 784p
[06-27 00:40]      (GTM248)Buildings.pdf: 1174K字, 1549字/p, 758p
[06-27 00:40]      (GTM218)Introduction to Smooth Manifolds.pdf: 1133K字, 1567字/p, 723p
[06-27 00:40] ═══ 检查完成 ═══

[06-27 01:29] ═══ 健康检查 ═══
[06-27 01:29]   Checkpoint: 296 本书, 113449 页
[06-27 01:29]   ✅ 无 OOM 漏页
[06-27 01:29]   📊 进度: 291本合格, 111685页已OCR, 平均1400字/页
[06-27 01:29]   📝 最近完成 (按字符数TOP5):
[06-27 01:29]      (GTM211)Algebra.pdf: 1371K字, 1485字/p, 923p
[06-27 01:29]      (GTM288)Quaternion Algebras(2021).pdf: 1217K字, 1388字/p, 877p
[06-27 01:29]      (GTM150)Commutative Algebra.pdf: 1180K字, 1505字/p, 784p
[06-27 01:29]      (GTM248)Buildings.pdf: 1174K字, 1549字/p, 758p
[06-27 01:29]      (GTM218)Introduction to Smooth Manifolds.pdf: 1133K字, 1567字/p, 723p
[06-27 01:29] ═══ 检查完成 ═══

[06-27 02:29] ═══ 健康检查 ═══
[06-27 02:29]   Checkpoint: 300 本书, 114939 页
[06-27 02:29]   ✅ 无 OOM 漏页
[06-27 02:29]   📊 进度: 295本合格, 113175页已OCR, 平均1399字/页
[06-27 02:29]   📝 最近完成 (按字符数TOP5):
[06-27 02:29]      (GTM211)Algebra.pdf: 1371K字, 1485字/p, 923p
[06-27 02:29]      (GTM288)Quaternion Algebras(2021).pdf: 1217K字, 1388字/p, 877p
[06-27 02:29]      (GTM150)Commutative Algebra.pdf: 1180K字, 1505字/p, 784p
[06-27 02:29]      (GTM248)Buildings.pdf: 1174K字, 1549字/p, 758p
[06-27 02:29]      (GTM218)Introduction to Smooth Manifolds.pdf: 1133K字, 1567字/p, 723p
[06-27 02:29] ═══ 检查完成 ═══

[06-27 03:29] ═══ 健康检查 ═══
[06-27 03:29]   Checkpoint: 302 本书, 115846 页
[06-27 03:29]   ✅ 无 OOM 漏页
[06-27 03:29]   📊 进度: 297本合格, 114098页已OCR, 平均1399字/页
[06-27 03:29]   📝 最近完成 (按字符数TOP5):
[06-27 03:29]      (GTM211)Algebra.pdf: 1371K字, 1485字/p, 923p
[06-27 03:29]      (GTM288)Quaternion Algebras(2021).pdf: 1217K字, 1388字/p, 877p
[06-27 03:29]      (GTM150)Commutative Algebra.pdf: 1180K字, 1505字/p, 784p
[06-27 03:29]      (GTM248)Buildings.pdf: 1174K字, 1549字/p, 758p
[06-27 03:29]      (GTM218)Introduction to Smooth Manifolds.pdf: 1133K字, 1567字/p, 723p
[06-27 03:29] ═══ 检查完成 ═══

[06-27 04:29] ═══ 健康检查 ═══
[06-27 04:29]   Checkpoint: 306 本书, 117538 页
[06-27 04:29]   ✅ 无 OOM 漏页
[06-27 04:29]   📊 进度: 301本合格, 115774页已OCR, 平均1399字/页
[06-27 04:29]   📝 最近完成 (按字符数TOP5):
[06-27 04:29]      (GTM211)Algebra.pdf: 1371K字, 1485字/p, 923p
[06-27 04:29]      (GTM288)Quaternion Algebras(2021).pdf: 1217K字, 1388字/p, 877p
[06-27 04:29]      (GTM150)Commutative Algebra.pdf: 1180K字, 1505字/p, 784p
[06-27 04:29]      (GTM248)Buildings.pdf: 1174K字, 1549字/p, 758p
[06-27 04:29]      (GTM218)Introduction to Smooth Manifolds.pdf: 1133K字, 1567字/p, 723p
[06-27 04:29] ═══ 检查完成 ═══

[06-27 05:29] ═══ 健康检查 ═══
[06-27 05:29]   Checkpoint: 309 本书, 119230 页
[06-27 05:29]   ✅ 无 OOM 漏页
[06-27 05:29]   📊 进度: 304本合格, 117482页已OCR, 平均1398字/页
[06-27 05:29]   📝 最近完成 (按字符数TOP5):
[06-27 05:29]      (GTM211)Algebra.pdf: 1371K字, 1485字/p, 923p
[06-27 05:29]      (GTM288)Quaternion Algebras(2021).pdf: 1217K字, 1388字/p, 877p
[06-27 05:29]      (GTM150)Commutative Algebra.pdf: 1180K字, 1505字/p, 784p
[06-27 05:29]      (GTM248)Buildings.pdf: 1174K字, 1549字/p, 758p
[06-27 05:29]      (GTM218)Introduction to Smooth Manifolds.pdf: 1133K字, 1567字/p, 723p
[06-27 05:29] ═══ 检查完成 ═══

[06-27 06:29] ═══ 健康检查 ═══
[06-27 06:29]   Checkpoint: 311 本书, 119585 页
[06-27 06:29]   ✅ 无 OOM 漏页
[06-27 06:29]   📊 进度: 306本合格, 117821页已OCR, 平均1397字/页
[06-27 06:29]   📝 最近完成 (按字符数TOP5):
[06-27 06:29]      (GTM211)Algebra.pdf: 1371K字, 1485字/p, 923p
[06-27 06:29]      (GTM288)Quaternion Algebras(2021).pdf: 1217K字, 1388字/p, 877p
[06-27 06:29]      (GTM150)Commutative Algebra.pdf: 1180K字, 1505字/p, 784p
[06-27 06:29]      (GTM248)Buildings.pdf: 1174K字, 1549字/p, 758p
[06-27 06:29]      (GTM218)Introduction to Smooth Manifolds.pdf: 1133K字, 1567字/p, 723p
[06-27 06:29] ═══ 检查完成 ═══

[06-27 07:29] ═══ 健康检查 ═══
[06-27 07:29]   Checkpoint: 311 本书, 119585 页
[06-27 07:29]   ✅ 无 OOM 漏页
[06-27 07:29]   📊 进度: 306本合格, 117821页已OCR, 平均1397字/页
[06-27 07:29]   📝 最近完成 (按字符数TOP5):
[06-27 07:29]      (GTM211)Algebra.pdf: 1371K字, 1485字/p, 923p
[06-27 07:29]      (GTM288)Quaternion Algebras(2021).pdf: 1217K字, 1388字/p, 877p
[06-27 07:29]      (GTM150)Commutative Algebra.pdf: 1180K字, 1505字/p, 784p
[06-27 07:29]      (GTM248)Buildings.pdf: 1174K字, 1549字/p, 758p
[06-27 07:29]      (GTM218)Introduction to Smooth Manifolds.pdf: 1133K字, 1567字/p, 723p
[06-27 07:29] ═══ 检查完成 ═══

[06-27 08:29] ═══ 健康检查 ═══
[06-27 08:29]   Checkpoint: 311 本书, 119585 页
[06-27 08:29]   ✅ 无 OOM 漏页
[06-27 08:29]   📊 进度: 306本合格, 117821页已OCR, 平均1397字/页
[06-27 08:29]   📝 最近完成 (按字符数TOP5):
[06-27 08:29]      (GTM211)Algebra.pdf: 1371K字, 1485字/p, 923p
[06-27 08:29]      (GTM288)Quaternion Algebras(2021).pdf: 1217K字, 1388字/p, 877p
[06-27 08:29]      (GTM150)Commutative Algebra.pdf: 1180K字, 1505字/p, 784p
[06-27 08:29]      (GTM248)Buildings.pdf: 1174K字, 1549字/p, 758p
[06-27 08:29]      (GTM218)Introduction to Smooth Manifolds.pdf: 1133K字, 1567字/p, 723p
[06-27 08:29] ═══ 检查完成 ═══

[06-27 09:30] ═══ 健康检查 ═══
[06-27 09:30]   Checkpoint: 311 本书, 120202 页
[06-27 09:30]   ✅ 无 OOM 漏页
[06-27 09:30]   📊 进度: 306本合格, 117821页已OCR, 平均1397字/页
[06-27 09:30]   📝 最近完成 (按字符数TOP5):
[06-27 09:30]      (GTM211)Algebra.pdf: 1371K字, 1485字/p, 923p
[06-27 09:30]      (GTM288)Quaternion Algebras(2021).pdf: 1217K字, 1388字/p, 877p
[06-27 09:30]      (GTM150)Commutative Algebra.pdf: 1180K字, 1505字/p, 784p
[06-27 09:30]      (GTM248)Buildings.pdf: 1174K字, 1549字/p, 758p
[06-27 09:30]      (GTM218)Introduction to Smooth Manifolds.pdf: 1133K字, 1567字/p, 723p
[06-27 09:30] ═══ 检查完成 ═══

[06-27 10:29] ═══ 健康检查 ═══
[06-27 10:29]   Checkpoint: 316 本书, 121476 页
[06-27 10:29]   ✅ 无 OOM 漏页
[06-27 10:29]   📊 进度: 311本合格, 119054页已OCR, 平均1395字/页
[06-27 10:29]      GTM=303本/116561页, UTM=3本/534页
[06-27 10:29]   📝 最近完成 (按字符数TOP5):
[06-27 10:29]      (GTM211)Algebra.pdf: 1371K字, 1485字/p, 923p
[06-27 10:29]      (GTM288)Quaternion Algebras(2021).pdf: 1217K字, 1388字/p, 877p
[06-27 10:29]      (GTM150)Commutative Algebra.pdf: 1180K字, 1505字/p, 784p
[06-27 10:29]      (GTM248)Buildings.pdf: 1174K字, 1549字/p, 758p
[06-27 10:29]      (GTM218)Introduction to Smooth Manifolds.pdf: 1133K字, 1567字/p, 723p
[06-27 10:29] ═══ 检查完成 ═══

[06-27 11:29] ═══ 健康检查 ═══
[06-27 11:29]   Checkpoint: 318 本书, 122326 页
[06-27 11:29]   ✅ 无 OOM 漏页
[06-27 11:29]   📊 进度: 313本合格, 119904页已OCR, 平均1392字/页
[06-27 11:29]      GTM=303本/116561页, UTM=5本/1384页
[06-27 11:29]   📝 最近完成 (按字符数TOP5):
[06-27 11:29]      (GTM211)Algebra.pdf: 1371K字, 1485字/p, 923p
[06-27 11:29]      (GTM288)Quaternion Algebras(2021).pdf: 1217K字, 1388字/p, 877p
[06-27 11:29]      (GTM150)Commutative Algebra.pdf: 1180K字, 1505字/p, 784p
[06-27 11:29]      (GTM248)Buildings.pdf: 1174K字, 1549字/p, 758p
[06-27 11:29]      (GTM218)Introduction to Smooth Manifolds.pdf: 1133K字, 1567字/p, 723p
[06-27 11:29] ═══ 检查完成 ═══

